<?xml version="1.0" encoding="UTF-8"?>
<robot generator="Robot 6.0.2 (Python 3.12.7 on win32)" generated="20241127 09:32:11.464" rpa="false" schemaversion="3">
<suite id="s1" name="Tests" source="C:\Symphony_Replay\SAPtesting\Tests">
<kw name="Setup highest level suite" type="SETUP">
<kw name="Set Variable" library="BuiltIn">
<var>${d.test_server}</var>
<arg>${test_server}</arg>
<doc>Returns the given values which can then be assigned to a variables.</doc>
<msg timestamp="20241127 09:32:13.378" level="INFO">${d.test_server} = Dev</msg>
<status status="PASS" starttime="20241127 09:32:13.378" endtime="20241127 09:32:13.378"/>
</kw>
<kw name="Reset screenshot count variable" library="Support">
<kw name="Set Variable" library="BuiltIn">
<var>${screenshotCount}</var>
<arg>${PABOTQUEUEINDEX}_1</arg>
<doc>Returns the given values which can then be assigned to a variables.</doc>
<msg timestamp="20241127 09:32:13.378" level="INFO">${screenshotCount} = 1_1</msg>
<status status="PASS" starttime="20241127 09:32:13.378" endtime="20241127 09:32:13.378"/>
</kw>
<kw name="Set Global Variable" library="BuiltIn">
<arg>${screenshotCount}</arg>
<doc>Makes a variable available globally in all tests and suites.</doc>
<msg timestamp="20241127 09:32:13.378" level="INFO">${screenshotCount} = 1_1</msg>
<status status="PASS" starttime="20241127 09:32:13.378" endtime="20241127 09:32:13.378"/>
</kw>
<kw name="Set up screenshot directory" library="Support">
<kw name="Create Directory" library="OperatingSystem">
<arg>${OUTPUTDIR}${/}${wvar('screenshot_dir')}</arg>
<doc>Creates the specified directory.</doc>
<msg timestamp="20241127 09:32:13.378" level="INFO">Web.Dev.screenshot_dir: Screenshot</msg>
<msg timestamp="20241127 09:32:13.378" level="INFO" html="true">Created directory '&lt;a href="file://C:\Symphony_Replay\SAPtesting\Output\pabot_results\1\Screenshot"&gt;C:\Symphony_Replay\SAPtesting\Output\pabot_results\1\Screenshot&lt;/a&gt;'.</msg>
<status status="PASS" starttime="20241127 09:32:13.378" endtime="20241127 09:32:13.378"/>
</kw>
<status status="PASS" starttime="20241127 09:32:13.378" endtime="20241127 09:32:13.378"/>
</kw>
<status status="PASS" starttime="20241127 09:32:13.378" endtime="20241127 09:32:13.378"/>
</kw>
<kw name="Set Global Variable" library="BuiltIn">
<arg>${screenshot_taking}</arg>
<arg>${True}</arg>
<doc>Makes a variable available globally in all tests and suites.</doc>
<msg timestamp="20241127 09:32:13.378" level="INFO">${screenshot_taking} = True</msg>
<status status="PASS" starttime="20241127 09:32:13.378" endtime="20241127 09:32:13.378"/>
</kw>
<kw name="Setup linux execution" library="Support">
<kw name="Run Keyword And Return Status" library="BuiltIn">
<var>${web_test_check}</var>
<arg>Variable Should Exist</arg>
<arg>${web_test}</arg>
<doc>Runs the given keyword with given arguments and returns the status as a Boolean value.</doc>
<kw name="Variable Should Exist" library="BuiltIn">
<arg>${web_test}</arg>
<doc>Fails unless the given variable exists within the current scope.</doc>
<status status="PASS" starttime="20241127 09:32:13.378" endtime="20241127 09:32:13.378"/>
</kw>
<msg timestamp="20241127 09:32:13.378" level="INFO">${web_test_check} = True</msg>
<status status="PASS" starttime="20241127 09:32:13.378" endtime="20241127 09:32:13.378"/>
</kw>
<kw name="Run Keyword If" library="BuiltIn">
<arg>${web_test_check}</arg>
<arg>Setup Docker Execution Options</arg>
<doc>Runs the given keyword with the given arguments, if ``condition`` is true.</doc>
<kw name="Setup Docker Execution Options" library="Support_Web">
<kw name="Setup Suite Metadata" library="Support_Web">
<arg>${browser}</arg>
<kw name="Get Browser Metadata" library="BrowserSupport">
<var>&amp;{browser_information}</var>
<arg>browser=${browser}</arg>
<doc>Fetches browser metadata information
:param browser: Name of the browser for which information is fetched
:param reload: Re-read the metadata based on the browser
:return: Browser metadata information, dict of format
            {"browser_version": browser version value,
             "driver_version": driver version value}</doc>
<msg timestamp="20241127 09:32:22.053" level="INFO">&amp;{browser_information} = { browser_version=131.0.6778.86 | driver_version=131.0.6778.69  }</msg>
<status status="PASS" starttime="20241127 09:32:13.378" endtime="20241127 09:32:22.053"/>
</kw>
<kw name="Set Suite Metadata" library="BuiltIn">
<arg>test_browser_name</arg>
<arg>${browser}</arg>
<doc>Sets metadata for the current test suite.</doc>
<msg timestamp="20241127 09:32:22.053" level="INFO">Set suite metadata 'test_browser_name' to value 'chrome'.</msg>
<status status="PASS" starttime="20241127 09:32:22.053" endtime="20241127 09:32:22.053"/>
</kw>
<kw name="Set Suite Metadata" library="BuiltIn">
<arg>test_browser_version</arg>
<arg>${browser_information.browser_version}</arg>
<doc>Sets metadata for the current test suite.</doc>
<msg timestamp="20241127 09:32:22.053" level="INFO">Set suite metadata 'test_browser_version' to value '131.0.6778.86'.</msg>
<status status="PASS" starttime="20241127 09:32:22.053" endtime="20241127 09:32:22.053"/>
</kw>
<kw name="Set Suite Metadata" library="BuiltIn">
<arg>test_driver_version</arg>
<arg>${browser_information.driver_version}</arg>
<doc>Sets metadata for the current test suite.</doc>
<msg timestamp="20241127 09:32:22.053" level="INFO">Set suite metadata 'test_driver_version' to value '131.0.6778.69 '.</msg>
<status status="PASS" starttime="20241127 09:32:22.053" endtime="20241127 09:32:22.053"/>
</kw>
<status status="PASS" starttime="20241127 09:32:13.378" endtime="20241127 09:32:22.053"/>
</kw>
<kw name="Setup Global Docker Execution Options" library="Support_Web">
<kw name="Set Global Variable" library="BuiltIn">
<arg>${global_browser_options}</arg>
<arg>None</arg>
<doc>Makes a variable available globally in all tests and suites.</doc>
<msg timestamp="20241127 09:32:22.053" level="INFO">${global_browser_options} = None</msg>
<status status="PASS" starttime="20241127 09:32:22.053" endtime="20241127 09:32:22.053"/>
</kw>
<kw name="Get Environment Variable" library="OperatingSystem">
<var>${docker_check}</var>
<arg>EXECUTION_ENVIRONMENT</arg>
<arg>not_found</arg>
<doc>Returns the value of an environment variable with the given name.</doc>
<msg timestamp="20241127 09:32:22.053" level="INFO">${docker_check} = not_found</msg>
<status status="PASS" starttime="20241127 09:32:22.053" endtime="20241127 09:32:22.053"/>
</kw>
<kw name="Run Keyword And Return If" library="BuiltIn">
<arg>"${docker_check}"!="docker"</arg>
<arg>Log</arg>
<arg>Not executing on Docker</arg>
<doc>Runs the specified keyword and returns from the enclosing user keyword.</doc>
<kw name="Log" library="BuiltIn">
<arg>Not executing on Docker</arg>
<doc>Logs the given message with the given level.</doc>
<msg timestamp="20241127 09:32:22.053" level="INFO">Not executing on Docker</msg>
<status status="PASS" starttime="20241127 09:32:22.053" endtime="20241127 09:32:22.053"/>
</kw>
<msg timestamp="20241127 09:32:22.053" level="INFO">Returning from the enclosing user keyword.</msg>
<status status="PASS" starttime="20241127 09:32:22.053" endtime="20241127 09:32:22.053"/>
</kw>
<kw name="Create List" library="BuiltIn">
<var>@{options}</var>
<arg>--headless</arg>
<arg>--no-sandbox</arg>
<arg>--disable-dev-shm-usage</arg>
<doc>Returns a list containing given items.</doc>
<status status="NOT RUN" starttime="20241127 09:32:22.053" endtime="20241127 09:32:22.053"/>
</kw>
<kw name="Set Global Variable" library="BuiltIn">
<arg>@{docker_options}</arg>
<arg>@{options}</arg>
<doc>Makes a variable available globally in all tests and suites.</doc>
<status status="NOT RUN" starttime="20241127 09:32:22.053" endtime="20241127 09:32:22.053"/>
</kw>
<status status="PASS" starttime="20241127 09:32:22.053" endtime="20241127 09:32:22.053"/>
</kw>
<kw name="Create Webdriver for chrome preferences" library="Support_Web">
<kw name="Update Docker Execution Options" library="Support_Web">
<var>${list_prefs}</var>
<arg>${list_prefs}</arg>
<kw name="Run Keyword And Return Status" library="BuiltIn">
<var>${docker_check}</var>
<arg>Variable Should Exist</arg>
<arg>${docker_options}</arg>
<doc>Runs the given keyword with given arguments and returns the status as a Boolean value.</doc>
<kw name="Variable Should Exist" library="BuiltIn">
<arg>${docker_options}</arg>
<doc>Fails unless the given variable exists within the current scope.</doc>
<msg timestamp="20241127 09:32:22.053" level="FAIL">Variable '${docker_options}' does not exist.</msg>
<status status="FAIL" starttime="20241127 09:32:22.053" endtime="20241127 09:32:22.053"/>
</kw>
<msg timestamp="20241127 09:32:22.053" level="INFO">${docker_check} = False</msg>
<status status="PASS" starttime="20241127 09:32:22.053" endtime="20241127 09:32:22.053"/>
</kw>
<kw name="Get Length" library="BuiltIn">
<var>${list_prefs_length}</var>
<arg>${list_prefs}</arg>
<doc>Returns and logs the length of the given item as an integer.</doc>
<msg timestamp="20241127 09:32:22.053" level="INFO">Length is 1</msg>
<msg timestamp="20241127 09:32:22.053" level="INFO">${list_prefs_length} = 1</msg>
<status status="PASS" starttime="20241127 09:32:22.053" endtime="20241127 09:32:22.053"/>
</kw>
<kw name="Run Keyword If" library="BuiltIn">
<var>${list_prefs}</var>
<arg>${docker_check} and ${list_prefs_length}&gt;0 and ${list_prefs}[0] != []</arg>
<arg>Combine Lists</arg>
<arg>${list_prefs}</arg>
<arg>${docker_options}</arg>
<arg>ELSE IF</arg>
<arg>${docker_check}</arg>
<arg>Set Variable</arg>
<arg>${docker_options}</arg>
<arg>ELSE</arg>
<arg>Set Variable</arg>
<arg>${list_prefs}</arg>
<doc>Runs the given keyword with the given arguments, if ``condition`` is true.</doc>
<kw name="Set Variable" library="BuiltIn">
<arg>${list_prefs}</arg>
<doc>Returns the given values which can then be assigned to a variables.</doc>
<status status="PASS" starttime="20241127 09:32:22.053" endtime="20241127 09:32:22.053"/>
</kw>
<msg timestamp="20241127 09:32:22.053" level="INFO">${list_prefs} = [[]]</msg>
<status status="PASS" starttime="20241127 09:32:22.053" endtime="20241127 09:32:22.053"/>
</kw>
<msg timestamp="20241127 09:32:22.053" level="INFO">${list_prefs} = [[]]</msg>
<status status="PASS" starttime="20241127 09:32:22.053" endtime="20241127 09:32:22.053"/>
</kw>
<kw name="Create Chrome Options for download preferences" library="Support_Web">
<var>${chrome_options}</var>
<kw name="Evaluate" library="BuiltIn">
<var>${chrome_options}</var>
<arg>sys.modules['selenium.webdriver'].ChromeOptions()</arg>
<arg>sys</arg>
<doc>Evaluates the given expression in Python and returns the result.</doc>
<msg timestamp="20241127 09:32:22.053" level="INFO">${chrome_options} = &lt;selenium.webdriver.chrome.options.Options object at 0x00000241AFAEE9C0&gt;</msg>
<status status="PASS" starttime="20241127 09:32:22.053" endtime="20241127 09:32:22.053"/>
</kw>
<msg timestamp="20241127 09:32:22.053" level="INFO">${chrome_options} = &lt;selenium.webdriver.chrome.options.Options object at 0x00000241AFAEE9C0&gt;</msg>
<status status="PASS" starttime="20241127 09:32:22.053" endtime="20241127 09:32:22.053"/>
</kw>
<kw name="Update Preferences List" library="Support_Web">
<arg>${chrome_options}</arg>
<arg>@{list_prefs}</arg>
<kw name="Convert To String" library="BuiltIn">
<var>${string_prefs}</var>
<arg>${list_prefs}</arg>
<doc>Converts the given item to a Unicode string.</doc>
<msg timestamp="20241127 09:32:22.053" level="INFO">${string_prefs} = [[]]</msg>
<status status="PASS" starttime="20241127 09:32:22.053" endtime="20241127 09:32:22.053"/>
</kw>
<kw name="Return From Keyword If" library="BuiltIn">
<arg>${string_prefs} == [[]]</arg>
<doc>Returns from the enclosing user keyword if ``condition`` is true.</doc>
<msg timestamp="20241127 09:32:22.053" level="INFO">Returning from the enclosing user keyword.</msg>
<status status="PASS" starttime="20241127 09:32:22.053" endtime="20241127 09:32:22.053"/>
</kw>
<for flavor="IN">
<var>${preference}</var>
<value>@{list_prefs}</value>
<iter>
<var name="${preference}"/>
<kw name="Call Method" library="BuiltIn">
<arg>${chrome_options}</arg>
<arg>add_argument</arg>
<arg>${preference}</arg>
<doc>Calls the named method of the given object with the provided arguments.</doc>
<status status="NOT RUN" starttime="20241127 09:32:22.053" endtime="20241127 09:32:22.053"/>
</kw>
<status status="NOT RUN" starttime="20241127 09:32:22.053" endtime="20241127 09:32:22.053"/>
</iter>
<status status="NOT RUN" starttime="20241127 09:32:22.053" endtime="20241127 09:32:22.053"/>
</for>
<status status="PASS" starttime="20241127 09:32:22.053" endtime="20241127 09:32:22.053"/>
</kw>
<kw name="Call Method" library="BuiltIn">
<arg>${chrome_options}</arg>
<arg>add_experimental_option</arg>
<arg>prefs</arg>
<arg>${kw_prefs}</arg>
<doc>Calls the named method of the given object with the provided arguments.</doc>
<status status="PASS" starttime="20241127 09:32:22.053" endtime="20241127 09:32:22.053"/>
</kw>
<kw name="Set Global Variable" library="BuiltIn">
<arg>${global_browser_options}</arg>
<arg>${chrome options}</arg>
<doc>Makes a variable available globally in all tests and suites.</doc>
<msg timestamp="20241127 09:32:22.053" level="INFO">${global_browser_options} = &lt;selenium.webdriver.chrome.options.Options object at 0x00000241AFAEE9C0&gt;</msg>
<status status="PASS" starttime="20241127 09:32:22.053" endtime="20241127 09:32:22.053"/>
</kw>
<status status="PASS" starttime="20241127 09:32:22.053" endtime="20241127 09:32:22.053"/>
</kw>
<status status="PASS" starttime="20241127 09:32:13.378" endtime="20241127 09:32:22.053"/>
</kw>
<status status="PASS" starttime="20241127 09:32:13.378" endtime="20241127 09:32:22.053"/>
</kw>
<status status="PASS" starttime="20241127 09:32:13.378" endtime="20241127 09:32:22.053"/>
</kw>
<kw name="Set Suite Metadata" library="BuiltIn">
<arg>environment</arg>
<arg>${test_server}</arg>
<doc>Sets metadata for the current test suite.</doc>
<msg timestamp="20241127 09:32:22.053" level="INFO">Set suite metadata 'environment' to value 'Dev'.</msg>
<status status="PASS" starttime="20241127 09:32:22.053" endtime="20241127 09:32:22.053"/>
</kw>
<status status="PASS" starttime="20241127 09:32:13.378" endtime="20241127 09:32:22.053"/>
</kw>
<suite id="s1-s1" name="Sample" source="C:\Symphony_Replay\SAPtesting\Tests\Sample">
<suite id="s1-s1-s1" name="AAAA-124 User Story to test selenium navigation" source="C:\Symphony_Replay\SAPtesting\Tests\Sample\AAAA-124 User Story to test selenium navigation.robot">
<kw name="Log To Console" library="BuiltIn" type="SETUP">
<arg>Keyword is executed once before first test in the suite</arg>
<doc>Logs the given message to the console.</doc>
<status status="PASS" starttime="20241127 09:32:22.084" endtime="20241127 09:32:22.084"/>
</kw>
<test id="s1-s1-s1-t1" name="Visualization is received correctly" line="14">
<kw name="Log To Console" library="BuiltIn" type="SETUP">
<arg>This keyword is executed before every test</arg>
<doc>Logs the given message to the console.</doc>
<status status="PASS" starttime="20241127 09:32:22.084" endtime="20241127 09:32:22.084"/>
</kw>
<kw name="Given I navigate to visualization website" library="Support_Sample">
<kw name="Navigated to visualization website" library="Support_Sample">
<kw name="Open Browser" library="SeleniumLibrary">
<arg>${wvar('robot_site')}</arg>
<arg>${browser}</arg>
<arg>options=${global_browser_options}</arg>
<doc>Opens a new browser instance to the optional ``url``.</doc>
<msg timestamp="20241127 09:32:22.100" level="WARN">Failed to fetch value for field: Web.Dev.robot_site</msg>
<msg timestamp="20241127 09:32:22.100" level="WARN">Traceback (most recent call last):
  File "C:\Symphony_Replay\SAPtesting\Execution\Access_Data.py", line 58, in get_data
    field_value = eval(command)
                  ^^^^^^^^^^^^^
  File "&lt;string&gt;", line 1, in &lt;module&gt;
AttributeError: module 'Data.Web.Dev' has no attribute 'robot_site'
</msg>
<msg timestamp="20241127 09:32:22.100" level="INFO">Opening browser 'chrome' to base url ''.</msg>
<status status="PASS" starttime="20241127 09:32:22.084" endtime="20241127 09:32:25.536"/>
</kw>
<kw name="Log" library="BuiltIn">
<arg>Opened ${wvar('robot_site')} on browser ${browser}</arg>
<doc>Logs the given message with the given level.</doc>
<msg timestamp="20241127 09:32:25.538" level="WARN">Failed to fetch value for field: Web.Dev.robot_site</msg>
<msg timestamp="20241127 09:32:25.552" level="WARN">Traceback (most recent call last):
  File "C:\Symphony_Replay\SAPtesting\Execution\Access_Data.py", line 58, in get_data
    field_value = eval(command)
                  ^^^^^^^^^^^^^
  File "&lt;string&gt;", line 1, in &lt;module&gt;
AttributeError: module 'Data.Web.Dev' has no attribute 'robot_site'
</msg>
<msg timestamp="20241127 09:32:25.584" level="INFO">Opened  on browser chrome</msg>
<status status="PASS" starttime="20241127 09:32:25.537" endtime="20241127 09:32:25.584"/>
</kw>
<status status="PASS" starttime="20241127 09:32:22.084" endtime="20241127 09:32:25.585"/>
</kw>
<status status="PASS" starttime="20241127 09:32:22.084" endtime="20241127 09:32:25.585"/>
</kw>
<kw name="When I check for presence of data" library="Support_Sample">
<kw name="checks for data presence in website" library="Support_Sample">
<kw name="Element Should Be Visible" library="SeleniumLibrary">
<arg>${wvar('robot_check_id')}</arg>
<doc>Verifies that the element identified by ``locator`` is visible.</doc>
<msg timestamp="20241127 09:32:25.587" level="INFO">Web.Dev.robot_check_id: xpath=//*[@class="title"]</msg>
<kw name="Capture Page Screenshot" library="SeleniumLibrary">
<doc>Takes a screenshot of the current page and embeds it into a log file.</doc>
<msg timestamp="20241127 09:32:25.902" level="INFO" html="true">&lt;/td&gt;&lt;/tr&gt;&lt;tr&gt;&lt;td colspan="3"&gt;&lt;a href="selenium-screenshot-1.png"&gt;&lt;img src="selenium-screenshot-1.png" width="800px"&gt;&lt;/a&gt;</msg>
<status status="PASS" starttime="20241127 09:32:25.632" endtime="20241127 09:32:25.902"/>
</kw>
<msg timestamp="20241127 09:32:25.902" level="FAIL">Element with locator 'xpath=//*[@class="title"]' not found.</msg>
<status status="FAIL" starttime="20241127 09:32:25.586" endtime="20241127 09:32:26.101"/>
</kw>
<kw name="Take Screenshot" library="Support">
<arg>Selenium</arg>
<doc>Expects arguments as Selenium or Appium to control which type of
screenshot to take for the action</doc>
<status status="NOT RUN" starttime="20241127 09:32:26.101" endtime="20241127 09:32:26.102"/>
</kw>
<status status="FAIL" starttime="20241127 09:32:25.586" endtime="20241127 09:32:26.102"/>
</kw>
<status status="FAIL" starttime="20241127 09:32:25.585" endtime="20241127 09:32:26.102"/>
</kw>
<kw name="Then I can read the correct data is present" library="Support_Sample">
<status status="NOT RUN" starttime="20241127 09:32:26.103" endtime="20241127 09:32:26.103"/>
</kw>
<kw name="Close Browser" library="SeleniumLibrary" type="TEARDOWN">
<doc>Closes the current browser.</doc>
<status status="PASS" starttime="20241127 09:32:26.103" endtime="20241127 09:32:30.382"/>
</kw>
<doc>Test to check Visualization is working correctly</doc>
<tag>AAAA-124</tag>
<tag>Regression</tag>
<tag>Sample</tag>
<tag>selenium</tag>
<tag>uat</tag>
<tag>Web</tag>
<status status="FAIL" starttime="20241127 09:32:22.084" endtime="20241127 09:32:30.383">Element with locator 'xpath=//*[@class="title"]' not found.</status>
</test>
<kw name="Close All Browsers" library="SeleniumLibrary" type="TEARDOWN">
<doc>Closes all open browsers and resets the browser cache.</doc>
<status status="PASS" starttime="20241127 09:32:30.384" endtime="20241127 09:32:30.385"/>
</kw>
<doc>This is a sample user story.
The documentation here should ideally match the user story doc.
It only works if you have Web libraries enabled and the chromedriver
is available in the environment PATH. Jira-ID: AAAA-124</doc>
<status status="FAIL" starttime="20241127 09:32:22.068" endtime="20241127 09:32:30.385"/>
</suite>
<doc>Sample Tests</doc>
<status status="FAIL" starttime="20241127 09:32:22.053" endtime="20241127 09:32:30.497"/>
</suite>
<doc>Testing functionality through Robot Framework</doc>
<meta name="environment">Dev</meta>
<meta name="test_browser_name">chrome</meta>
<meta name="test_browser_version">131.0.6778.86</meta>
<meta name="test_driver_version">131.0.6778.69 </meta>
<meta name="test_environment">Dev</meta>
<meta name="test_freeze_dependencies">astroid==3.3.5,attrs==24.2.0,beautifulsoup4==4.12.3,bs4==0.0.2,certifi==2024.8.30,cffi==1.17.1,chardet==5.2.0,charset-normalizer==3.4.0,click==8.1.7,colorama==0.4.6,cryptography==43.0.3,defusedxml==0.7.1,dill==0.3.9,docutils==0.21.2,exceptiongroup==1.2.2,gitdb==4.0.11,GitPython==3.1.43,h11==0.14.0,idna==3.10,isort==5.13.2,Jinja2==3.1.4,jira==3.8.0,jsonpath-ng==1.7.0,jsonschema==4.23.0,jsonschema-specifications==2024.10.1,lazy-object-proxy==1.10.0,lxml==5.3.0,markdown-it-py==3.0.0,MarkupSafe==3.0.2,mccabe==0.7.0,mdurl==0.1.2,natsort==8.4.0,oauthlib==3.2.2,outcome==1.3.0.post0,packaging==24.2,pathspec==0.11.2,pillow==11.0.0,pip==24.3.1,platformdirs==4.3.6,ply==3.11,pycparser==2.22,Pygments==2.18.0,pylint==3.3.1,PySocks==1.7.1,pywin32==308,PyYAML==6.0.2,referencing==0.35.1,requests==2.32.3,requests-oauthlib==2.0.0,requests-toolbelt==1.0.0,rich==13.9.4,rich-click==1.6.1,robotframework==6.0.2,robotframework-datadriver==1.9.0,robotframework-jsonlibrary==0.5,robotframework-pabot==2.16.0,robotframework-pythonlibcore==4.2.0,robotframework-requests==0.9.2,robotframework-sapguilibrary==1.1,robotframework-seleniumlibrary==5.1.3,robotframework-stacktrace==0.4.1,robotframework-tidy==4.5.0,rpds-py==0.21.0,selenium==4.9.1,setuptools==75.5.0,smmap==5.0.1,sniffio==1.3.1,sortedcontainers==2.4.0,soupsieve==2.6,tomli==2.0.2,tomlkit==0.13.2,trio==0.27.0,trio-websocket==0.11.1,typing_extensions==4.12.2,urllib3==2.2.3,wheel==0.45.0,wrapt==1.16.0,wsproto==1.2.0</meta>
<status status="FAIL" starttime="20241127 09:32:12.656" endtime="20241127 09:32:30.498"/>
</suite>
<statistics>
<total>
<stat pass="0" fail="1" skip="0">All Tests</stat>
</total>
<tag>
<stat pass="0" fail="1" skip="0">AAAA-124</stat>
<stat pass="0" fail="1" skip="0">Regression</stat>
<stat pass="0" fail="1" skip="0">Sample</stat>
<stat pass="0" fail="1" skip="0">selenium</stat>
<stat pass="0" fail="1" skip="0">uat</stat>
<stat pass="0" fail="1" skip="0">Web</stat>
</tag>
<suite>
<stat pass="0" fail="1" skip="0" id="s1" name="Tests">Tests</stat>
<stat pass="0" fail="1" skip="0" id="s1-s1" name="Sample">Tests.Sample</stat>
<stat pass="0" fail="1" skip="0" id="s1-s1-s1" name="AAAA-124 User Story to test selenium navigation">Tests.Sample.AAAA-124 User Story to test selenium navigation</stat>
</suite>
</statistics>
<errors>
<msg timestamp="20241127 09:32:22.100" level="WARN">Failed to fetch value for field: Web.Dev.robot_site</msg>
<msg timestamp="20241127 09:32:22.100" level="WARN">Traceback (most recent call last):
  File "C:\Symphony_Replay\SAPtesting\Execution\Access_Data.py", line 58, in get_data
    field_value = eval(command)
                  ^^^^^^^^^^^^^
  File "&lt;string&gt;", line 1, in &lt;module&gt;
AttributeError: module 'Data.Web.Dev' has no attribute 'robot_site'
</msg>
<msg timestamp="20241127 09:32:25.538" level="WARN">Failed to fetch value for field: Web.Dev.robot_site</msg>
<msg timestamp="20241127 09:32:25.552" level="WARN">Traceback (most recent call last):
  File "C:\Symphony_Replay\SAPtesting\Execution\Access_Data.py", line 58, in get_data
    field_value = eval(command)
                  ^^^^^^^^^^^^^
  File "&lt;string&gt;", line 1, in &lt;module&gt;
AttributeError: module 'Data.Web.Dev' has no attribute 'robot_site'
</msg>
</errors>
</robot>
