<?xml version="1.0" encoding="utf-8"?>
<robot generated="20241203 11:26:39.752" generator="Rebot 6.0.2 (Python 3.12.7 on win32)" rpa="false" schemaversion="3">
 <suite id="s1" name="Tests" source="C:\EID_Replay\EID_Parry\Tests">
  <kw name="Setup highest level suite" type="SETUP">
   <kw library="BuiltIn" name="Set Variable">
    <var>
     ${d.test_server}
    </var>
    <arg>
     ${test_server}
    </arg>
    <doc>
     Returns the given values which can then be assigned to a variables.
    </doc>
    <msg level="INFO" timestamp="20241203 11:26:39.185">
     ${d.test_server} = Dev
    </msg>
    <status endtime="20241203 11:26:39.185" starttime="20241203 11:26:39.185" status="PASS"/>
   </kw>
   <kw library="Support" name="Reset screenshot count variable">
    <kw library="BuiltIn" name="Set Variable">
     <var>
      ${screenshotCount}
     </var>
     <arg>
      ${PABOTQUEUEINDEX}_1
     </arg>
     <doc>
      Returns the given values which can then be assigned to a variables.
     </doc>
     <msg level="INFO" timestamp="20241203 11:26:39.185">
      ${screenshotCount} = 0_1
     </msg>
     <status endtime="20241203 11:26:39.185" starttime="20241203 11:26:39.185" status="PASS"/>
    </kw>
    <kw library="BuiltIn" name="Set Global Variable">
     <arg>
      ${screenshotCount}
     </arg>
     <doc>
      Makes a variable available globally in all tests and suites.
     </doc>
     <msg level="INFO" timestamp="20241203 11:26:39.185">
      ${screenshotCount} = 0_1
     </msg>
     <status endtime="20241203 11:26:39.185" starttime="20241203 11:26:39.185" status="PASS"/>
    </kw>
    <kw library="Support" name="Set up screenshot directory">
     <kw library="OperatingSystem" name="Create Directory">
      <arg>
       ${OUTPUTDIR}${/}${wvar('screenshot_dir')}
      </arg>
      <doc>
       Creates the specified directory.
      </doc>
      <msg level="FAIL" timestamp="20241203 11:26:39.185">
       Resolving variable '${wvar('screenshot_dir')}' failed: Variable '${wvar}' not found.
      </msg>
      <status endtime="20241203 11:26:39.185" starttime="20241203 11:26:39.185" status="FAIL"/>
     </kw>
     <status endtime="20241203 11:26:39.185" starttime="20241203 11:26:39.185" status="FAIL"/>
    </kw>
    <status endtime="20241203 11:26:39.185" starttime="20241203 11:26:39.185" status="FAIL"/>
   </kw>
   <kw library="BuiltIn" name="Set Global Variable">
    <arg>
     ${screenshot_taking}
    </arg>
    <arg>
     ${True}
    </arg>
    <doc>
     Makes a variable available globally in all tests and suites.
    </doc>
    <status endtime="20241203 11:26:39.185" starttime="20241203 11:26:39.185" status="NOT RUN"/>
   </kw>
   <kw library="Support" name="Setup linux execution">
    <status endtime="20241203 11:26:39.185" starttime="20241203 11:26:39.185" status="NOT RUN"/>
   </kw>
   <kw library="BuiltIn" name="Set Suite Metadata">
    <arg>
     environment
    </arg>
    <arg>
     ${test_server}
    </arg>
    <doc>
     Sets metadata for the current test suite.
    </doc>
    <status endtime="20241203 11:26:39.185" starttime="20241203 11:26:39.185" status="NOT RUN"/>
   </kw>
   <status endtime="20241203 11:26:39.185" starttime="20241203 11:26:39.185" status="FAIL"/>
  </kw>
  <suite id="s1-s1" name="Test VA42" source="C:\EID_Replay\EID_Parry\Tests\Test_VA42.robot">
   <test id="s1-s1-t1" line="9" name="Releasing the contracts blocks">
    <tag>
     Regression
    </tag>
    <tag>
     VA42
    </tag>
    <status endtime="20241203 11:26:39.200" starttime="20241203 11:26:39.200" status="FAIL">
     Parent suite setup failed:
Resolving variable '${wvar('screenshot_dir')}' failed: Variable '${wvar}' not found.
    </status>
   </test>
   <status endtime="20241203 11:26:39.200" starttime="20241203 11:26:39.185" status="FAIL">
    Parent suite setup failed:
Resolving variable '${wvar('screenshot_dir')}' failed: Variable '${wvar}' not found.
   </status>
  </suite>
  <doc>
   Testing functionality through Robot Framework
  </doc>
  <meta name="test_environment">
   Dev
  </meta>
  <meta name="test_freeze_dependencies">
   astroid==3.3.5,attrs==24.2.0,beautifulsoup4==4.12.3,bs4==0.0.2,certifi==2024.8.30,cffi==1.17.1,chardet==5.2.0,charset-normalizer==3.4.0,click==8.1.7,colorama==0.4.6,comtypes==1.4.8,cryptography==43.0.3,defusedxml==0.7.1,dill==0.3.9,docutils==0.21.2,et_xmlfile==2.0.0,exceptiongroup==1.2.2,gitdb==4.0.11,GitPython==3.1.43,h11==0.14.0,idna==3.10,isort==5.13.2,Jinja2==3.1.4,jira==3.8.0,jsonpath-ng==1.7.0,jsonschema==4.23.0,jsonschema-specifications==2024.10.1,lazy-object-proxy==1.10.0,lxml==5.3.0,markdown-it-py==3.0.0,MarkupSafe==3.0.2,mccabe==0.7.0,mdurl==0.1.2,natsort==8.4.0,numpy==2.1.3,oauthlib==3.2.2,openpyxl==3.1.5,outcome==1.3.0.post0,packaging==24.2,pandas==2.2.3,pathspec==0.11.2,pillow==11.0.0,pip==24.3.1,platformdirs==4.3.6,ply==3.11,pycparser==2.22,Pygments==2.18.0,pylint==3.3.1,PySocks==1.7.1,python-dateutil==2.9.0.post0,pytz==2024.2,pywin32==308,pywinauto==0.6.8,PyYAML==6.0.2,referencing==0.35.1,requests==2.32.3,requests-oauthlib==2.0.0,requests-toolbelt==1.0.0,rich==13.9.4,rich-click==1.6.1,robotframework==6.0.2,robotframework-datadriver==1.9.0,robotframework-excellib==2.0.1,robotframework-jsonlibrary==0.5,robotframework-pabot==2.16.0,robotframework-pythonlibcore==4.2.0,robotframework-requests==0.9.2,robotframework-sapguilibrary==1.1,robotframework-seleniumlibrary==5.1.3,robotframework-stacktrace==0.4.1,robotframework-tidy==4.5.0,rpds-py==0.21.0,selenium==4.9.1,setuptools==75.6.0,six==1.16.0,smmap==5.0.1,sniffio==1.3.1,sortedcontainers==2.4.0,soupsieve==2.6,tomli==2.0.2,tomlkit==0.13.2,trio==0.27.0,trio-websocket==0.11.1,typing_extensions==4.12.2,tzdata==2024.2,urllib3==2.2.3,wheel==0.45.1,wrapt==1.17.0,wsproto==1.2.0
  </meta>
  <status endtime="20241203 11:26:39.340" starttime="20241203 11:26:38.786" status="FAIL">
   Suite setup failed:
Resolving variable '${wvar('screenshot_dir')}' failed: Variable '${wvar}' not found.
  </status>
 </suite>
 <statistics>
  <total>
   <stat fail="1" pass="0" skip="0">
    All Tests
   </stat>
  </total>
  <tag>
   <stat fail="1" pass="0" skip="0">
    Regression
   </stat>
   <stat fail="1" pass="0" skip="0">
    VA42
   </stat>
  </tag>
  <suite>
   <stat fail="1" id="s1" name="Tests" pass="0" skip="0">
    Tests
   </stat>
   <stat fail="1" id="s1-s1" name="Test VA42" pass="0" skip="0">
    Tests.Test VA42
   </stat>
  </suite>
 </statistics>
 <errors>
  <msg level="ERROR" timestamp="20241203 11:26:38.786">
   Processing variable file 'C:\EID_Replay\EID_Parry\Execution\Access_Data.py' failed: Importing variable file 'C:\EID_Replay\EID_Parry\Execution\Access_Data.py' failed: SyntaxError: invalid syntax (rental.py, line 6)
Traceback (most recent call last):
  File "C:\EID_Replay\EID_Parry\Execution\Access_Data.py", line 15, in &lt;module&gt;
    import Data.Symphony as Sym
  File "C:\EID_Replay\EID_Parry\Data\Symphony\__init__.py", line 1, in &lt;module&gt;
    from . import Dev
  File "C:\EID_Replay\EID_Parry\Data\Symphony\Dev\__init__.py", line 1, in &lt;module&gt;
    from .rental import *
PYTHONPATH:
  C:\EID_Replay\EID_Parry\Execution
  C:\EID_Replay\EID_Parry\RoboEnvironment\Symphony\Scripts\robot.exe
  C:\Users\pimeidinfra\AppData\Local\Programs\Python\Python312\python312.zip
  C:\Users\pimeidinfra\AppData\Local\Programs\Python\Python312\DLLs
  C:\Users\pimeidinfra\AppData\Local\Programs\Python\Python312\Lib
  C:\Users\pimeidinfra\AppData\Local\Programs\Python\Python312
  C:\EID_Replay\EID_Parry\RoboEnvironment\Symphony
  C:\EID_Replay\EID_Parry\RoboEnvironment\Symphony\Lib\site-packages
  C:\EID_Replay\EID_Parry\RoboEnvironment\Symphony\Lib\site-packages\win32
  C:\EID_Replay\EID_Parry\RoboEnvironment\Symphony\Lib\site-packages\win32\lib
  C:\EID_Replay\EID_Parry\RoboEnvironment\Symphony\Lib\site-packages\Pythonwin
  C:\EID_Replay\EID_Parry\RoboEnvironment\Symphony\Lib\site-packages\setuptools\_vendor
  C:\EID_Replay\EID_Parry
  </msg>
 </errors>
</robot>
